#
# There is insufficient memory for the Java Runtime Environment to continue.
# Native memory allocation (malloc) failed to allocate 2297136 bytes for Chunk::new
# Possible reasons:
#   The system is out of physical RAM or swap space
#   The process is running with CompressedOops enabled, and the Java Heap may be blocking the growth of the native heap
# Possible solutions:
#   Reduce memory load on the system
#   Increase physical memory or swap space
#   Check if swap backing store is full
#   Decrease Java heap size (-Xmx/-Xms)
#   Decrease number of Java threads
#   Decrease Java thread stack sizes (-Xss)
#   Set larger code cache with -XX:ReservedCodeCacheSize=
#   JVM is running with Unscaled Compressed Oops mode in which the Java heap is
#     placed in the first 4GB address space. The Java Heap base address is the
#     maximum limit for the native heap growth. Please use -XX:HeapBaseMinAddress
#     to set the Java Heap base and to place the Java Heap above 4GB virtual address.
# This output file may be truncated or incomplete.
#
#  Out of Memory Error (allocation.cpp:389), pid=20896, tid=0x0000000000004fc0
#
# JRE version: OpenJDK Runtime Environment (8.0_242-b01) (build 1.8.0_242-release-1644-b01)
# Java VM: OpenJDK 64-Bit Server VM (25.242-b01 mixed mode windows-amd64 compressed oops)
# Failed to write core dump. Minidumps are not enabled by default on client versions of Windows
#

---------------  T H R E A D  ---------------

Current thread (0x0000000017a35800):  JavaThread "C2 CompilerThread0" daemon [_thread_in_native, id=20416, stack(0x00000000190b0000,0x00000000191b0000)]

Stack: [0x00000000190b0000,0x00000000191b0000]
[error occurred during error reporting (printing stack bounds), id 0xc0000005]

Native frames: (J=compiled Java code, j=interpreted, Vv=VM code, C=native code)


Current CompileTask:
C2:   3534 1614       4       java.net.URLClassLoader$1::run (5 bytes)


---------------  P R O C E S S  ---------------

Java Threads: ( => current thread )
  0x0000000017a47000 JavaThread "Cache worker for file hash cache (C:\Users\USER\.gradle\caches\7.5\fileHashes)" [_thread_blocked, id=16080, stack(0x000000001e9b0000,0x000000001eab0000)]
  0x0000000017a48800 JavaThread "File lock request listener" [_thread_in_native, id=28448, stack(0x000000001d6e0000,0x000000001d7e0000)]
  0x000000001b52e000 JavaThread "Cache worker for journal cache (C:\Users\USER\.gradle\caches\journal-1)" [_thread_blocked, id=26312, stack(0x000000001d3e0000,0x000000001d4e0000)]
  0x000000001948a000 JavaThread "Daemon client event forwarder" [_thread_blocked, id=18648, stack(0x000000001d2e0000,0x000000001d3e0000)]
  0x0000000019f98800 JavaThread "Stdin handler" [_thread_blocked, id=24160, stack(0x000000001d1e0000,0x000000001d2e0000)]
  0x0000000019f98000 JavaThread "Asynchronous log dispatcher for DefaultDaemonConnection: socket connection from /127.0.0.1:62766 to /127.0.0.1:62767" [_thread_blocked, id=12456, stack(0x000000001d0e0000,0x000000001d1e0000)]
  0x0000000019afe800 JavaThread "Daemon worker" [_thread_in_Java, id=25800, stack(0x000000001cfe0000,0x000000001d0e0000)]
  0x0000000019afe000 JavaThread "Cancel handler" [_thread_blocked, id=11616, stack(0x000000001cee0000,0x000000001cfe0000)]
  0x0000000019cf7800 JavaThread "Handler for socket connection from /127.0.0.1:62766 to /127.0.0.1:62767" [_thread_in_native, id=28040, stack(0x000000001cde0000,0x000000001cee0000)]
  0x0000000019cf4800 JavaThread "Daemon" [_thread_blocked, id=17424, stack(0x000000001cce0000,0x000000001cde0000)]
  0x0000000019b81800 JavaThread "Daemon periodic checks" [_thread_blocked, id=13428, stack(0x000000001cbe0000,0x000000001cce0000)]
  0x0000000019bc4800 JavaThread "Incoming local TCP Connector on port 62766" [_thread_in_native, id=6356, stack(0x000000001c790000,0x000000001c890000)]
  0x000000001b416800 JavaThread "Daemon health stats" [_thread_blocked, id=26888, stack(0x000000001c350000,0x000000001c450000)]
  0x00000000193f8000 JavaThread "Service Thread" daemon [_thread_blocked, id=12324, stack(0x00000000197b0000,0x00000000198b0000)]
  0x0000000017a4a000 JavaThread "C1 CompilerThread2" daemon [_thread_blocked, id=21840, stack(0x00000000192b0000,0x00000000193b0000)]
  0x0000000017a3c000 JavaThread "C2 CompilerThread1" daemon [_thread_in_native, id=27744, stack(0x00000000191b0000,0x00000000192b0000)]
=>0x0000000017a35800 JavaThread "C2 CompilerThread0" daemon [_thread_in_native, id=20416, stack(0x00000000190b0000,0x00000000191b0000)]
  0x0000000017a34000 JavaThread "Attach Listener" daemon [_thread_blocked, id=24420, stack(0x0000000018fb0000,0x00000000190b0000)]
  0x0000000017a32800 JavaThread "Signal Dispatcher" daemon [_thread_blocked, id=6844, stack(0x0000000018eb0000,0x0000000018fb0000)]
  0x0000000002e0a000 JavaThread "Finalizer" daemon [_thread_blocked, id=27060, stack(0x0000000018cb0000,0x0000000018db0000)]
  0x0000000002e01000 JavaThread "Reference Handler" daemon [_thread_blocked, id=24704, stack(0x0000000018bb0000,0x0000000018cb0000)]
  0x0000000002c0e000 JavaThread "main" [_thread_blocked, id=4128, stack(0x0000000002c10000,0x0000000002d10000)]

Other Threads:
  0x00000000179f6000 VMThread [stack: 0x0000000018ab0000,0x0000000018bb0000] [id=26820]
  0x00000000193f9000 WatcherThread [stack: 0x00000000198b0000,0x00000000199b0000] [id=26256]

VM state:not at safepoint (normal execution)

VM Mutex/Monitor currently owned by a thread: None

heap address: 0x0000000080000000, size: 2048 MB, Compressed Oops mode: 32-bit
Narrow klass base: 0x0000000000000000, Narrow klass shift: 3
Compressed class space size: 1073741824 Address: 0x0000000100000000

Heap:
 PSYoungGen      total 57344K, used 42619K [0x00000000d5580000, 0x00000000d9580000, 0x0000000100000000)
  eden space 49152K, 70% used [0x00000000d5580000,0x00000000d7721010,0x00000000d8580000)
  from space 8192K, 99% used [0x00000000d8580000,0x00000000d8d7def0,0x00000000d8d80000)
  to   space 8192K, 0% used [0x00000000d8d80000,0x00000000d8d80000,0x00000000d9580000)
 ParOldGen       total 131072K, used 1158K [0x0000000080000000, 0x0000000088000000, 0x00000000d5580000)
  object space 131072K, 0% used [0x0000000080000000,0x0000000080121960,0x0000000088000000)
 Metaspace       used 17354K, capacity 17962K, committed 18304K, reserved 1064960K
  class space    used 2420K, capacity 2611K, committed 2688K, reserved 1048576K

Card table byte_map: [0x00000000121d0000,0x00000000125e0000] byte_map_base: 0x0000000011dd0000

Marking Bits: (ParMarkBitMap*) 0x000000007371f030
 Begin Bits: [0x0000000012c90000, 0x0000000014c90000)
 End Bits:   [0x0000000014c90000, 0x0000000016c90000)

Polling page: 0x00000000012f0000

CodeCache: size=245760Kb used=6077Kb max_used=6077Kb free=239682Kb
 bounds [0x0000000002e10000, 0x0000000003410000, 0x0000000011e10000]
 total_blobs=2135 nmethods=1710 adapters=338
 compilation: enabled

Compilation events (10 events):
Event: 3.500 Thread 0x0000000017a4a000 1709       3       org.gradle.initialization.MixInLegacyTypesClassLoader::shouldTransform (42 bytes)
Event: 3.500 Thread 0x0000000017a4a000 nmethod 1709 0x00000000033ff450 code [0x00000000033ff5e0, 0x00000000033ffa38]
Event: 3.504 Thread 0x0000000017a4a000 1710       3       java.util.Collections$EmptyMap::entrySet (4 bytes)
Event: 3.504 Thread 0x0000000017a4a000 nmethod 1710 0x00000000033ffbd0 code [0x00000000033ffd40, 0x00000000033ffef0]
Event: 3.510 Thread 0x0000000017a4a000 1712       3       java.lang.invoke.InvokerBytecodeGenerator::emitStoreResult (27 bytes)
Event: 3.511 Thread 0x0000000017a4a000 nmethod 1712 0x0000000003400150 code [0x00000000034002e0, 0x00000000034006f8]
Event: 3.511 Thread 0x0000000017a4a000 1713       3       java.lang.invoke.LambdaForm$NamedFunction::intrinsicName (21 bytes)
Event: 3.511 Thread 0x0000000017a4a000 nmethod 1713 0x00000000034008d0 code [0x0000000003400a40, 0x0000000003400ca8]
Event: 3.511 Thread 0x0000000017a4a000 1714       3       jdk.internal.org.objectweb.asm.MethodWriter::noSuccessor (87 bytes)
Event: 3.511 Thread 0x0000000017a4a000 nmethod 1714 0x0000000003400d50 code [0x0000000003400ee0, 0x00000000034013c8]

GC Heap History (6 events):
Event: 1.371 GC heap before
{Heap before GC invocations=1 (full 0):
 PSYoungGen      total 57344K, used 49152K [0x00000000d5580000, 0x00000000d9580000, 0x0000000100000000)
  eden space 49152K, 100% used [0x00000000d5580000,0x00000000d8580000,0x00000000d8580000)
  from space 8192K, 0% used [0x00000000d8d80000,0x00000000d8d80000,0x00000000d9580000)
  to   space 8192K, 0% used [0x00000000d8580000,0x00000000d8580000,0x00000000d8d80000)
 ParOldGen       total 131072K, used 0K [0x0000000080000000, 0x0000000088000000, 0x00000000d5580000)
  object space 131072K, 0% used [0x0000000080000000,0x0000000080000000,0x0000000088000000)
 Metaspace       used 7516K, capacity 7776K, committed 7936K, reserved 1056768K
  class space    used 919K, capacity 1022K, committed 1024K, reserved 1048576K
Event: 1.380 GC heap after
Heap after GC invocations=1 (full 0):
 PSYoungGen      total 57344K, used 5566K [0x00000000d5580000, 0x00000000d9580000, 0x0000000100000000)
  eden space 49152K, 0% used [0x00000000d5580000,0x00000000d5580000,0x00000000d8580000)
  from space 8192K, 67% used [0x00000000d8580000,0x00000000d8aef9c8,0x00000000d8d80000)
  to   space 8192K, 0% used [0x00000000d8d80000,0x00000000d8d80000,0x00000000d9580000)
 ParOldGen       total 131072K, used 8K [0x0000000080000000, 0x0000000088000000, 0x00000000d5580000)
  object space 131072K, 0% used [0x0000000080000000,0x0000000080002000,0x0000000088000000)
 Metaspace       used 7516K, capacity 7776K, committed 7936K, reserved 1056768K
  class space    used 919K, capacity 1022K, committed 1024K, reserved 1048576K
}
Event: 1.810 GC heap before
{Heap before GC invocations=2 (full 0):
 PSYoungGen      total 57344K, used 54718K [0x00000000d5580000, 0x00000000d9580000, 0x0000000100000000)
  eden space 49152K, 100% used [0x00000000d5580000,0x00000000d8580000,0x00000000d8580000)
  from space 8192K, 67% used [0x00000000d8580000,0x00000000d8aef9c8,0x00000000d8d80000)
  to   space 8192K, 0% used [0x00000000d8d80000,0x00000000d8d80000,0x00000000d9580000)
 ParOldGen       total 131072K, used 8K [0x0000000080000000, 0x0000000088000000, 0x00000000d5580000)
  object space 131072K, 0% used [0x0000000080000000,0x0000000080002000,0x0000000088000000)
 Metaspace       used 8343K, capacity 8600K, committed 8704K, reserved 1056768K
  class space    used 1075K, capacity 1190K, committed 1280K, reserved 1048576K
Event: 1.815 GC heap after
Heap after GC invocations=2 (full 0):
 PSYoungGen      total 57344K, used 4883K [0x00000000d5580000, 0x00000000d9580000, 0x0000000100000000)
  eden space 49152K, 0% used [0x00000000d5580000,0x00000000d5580000,0x00000000d8580000)
  from space 8192K, 59% used [0x00000000d8d80000,0x00000000d9244c78,0x00000000d9580000)
  to   space 8192K, 0% used [0x00000000d8580000,0x00000000d8580000,0x00000000d8d80000)
 ParOldGen       total 131072K, used 24K [0x0000000080000000, 0x0000000088000000, 0x00000000d5580000)
  object space 131072K, 0% used [0x0000000080000000,0x0000000080006000,0x0000000088000000)
 Metaspace       used 8343K, capacity 8600K, committed 8704K, reserved 1056768K
  class space    used 1075K, capacity 1190K, committed 1280K, reserved 1048576K
}
Event: 3.203 GC heap before
{Heap before GC invocations=3 (full 0):
 PSYoungGen      total 57344K, used 54035K [0x00000000d5580000, 0x00000000d9580000, 0x0000000100000000)
  eden space 49152K, 100% used [0x00000000d5580000,0x00000000d8580000,0x00000000d8580000)
  from space 8192K, 59% used [0x00000000d8d80000,0x00000000d9244c78,0x00000000d9580000)
  to   space 8192K, 0% used [0x00000000d8580000,0x00000000d8580000,0x00000000d8d80000)
 ParOldGen       total 131072K, used 24K [0x0000000080000000, 0x0000000088000000, 0x00000000d5580000)
  object space 131072K, 0% used [0x0000000080000000,0x0000000080006000,0x0000000088000000)
 Metaspace       used 15217K, capacity 15722K, committed 15872K, reserved 1062912K
  class space    used 2048K, capacity 2189K, committed 2304K, reserved 1048576K
Event: 3.213 GC heap after
Heap after GC invocations=3 (full 0):
 PSYoungGen      total 57344K, used 8183K [0x00000000d5580000, 0x00000000d9580000, 0x0000000100000000)
  eden space 49152K, 0% used [0x00000000d5580000,0x00000000d5580000,0x00000000d8580000)
  from space 8192K, 99% used [0x00000000d8580000,0x00000000d8d7def0,0x00000000d8d80000)
  to   space 8192K, 0% used [0x00000000d8d80000,0x00000000d8d80000,0x00000000d9580000)
 ParOldGen       total 131072K, used 1158K [0x0000000080000000, 0x0000000088000000, 0x00000000d5580000)
  object space 131072K, 0% used [0x0000000080000000,0x0000000080121960,0x0000000088000000)
 Metaspace       used 15217K, capacity 15722K, committed 15872K, reserved 1062912K
  class space    used 2048K, capacity 2189K, committed 2304K, reserved 1048576K
}

Deoptimization events (10 events):
Event: 2.345 Thread 0x0000000002c0e000 Uncommon trap: reason=unstable_if action=reinterpret pc=0x00000000031a80a4 method=java.io.WinNTFileSystem.normalize(Ljava/lang/String;)Ljava/lang/String; @ 128
Event: 2.345 Thread 0x0000000002c0e000 Uncommon trap: reason=unstable_if action=reinterpret pc=0x0000000003123ff0 method=java.io.WinNTFileSystem.normalize(Ljava/lang/String;II)Ljava/lang/String; @ 90
Event: 2.900 Thread 0x0000000019cf7800 Uncommon trap: reason=unstable_if action=reinterpret pc=0x0000000003293dac method=java.util.concurrent.ConcurrentHashMap.putVal(Ljava/lang/Object;Ljava/lang/Object;Z)Ljava/lang/Object; @ 206
Event: 3.039 Thread 0x0000000019afe800 Uncommon trap: reason=class_check action=maybe_recompile pc=0x00000000031c1944 method=java.util.regex.Matcher.match(II)Z @ 86
Event: 3.056 Thread 0x0000000019afe800 Uncommon trap: reason=class_check action=maybe_recompile pc=0x00000000031c1944 method=java.util.regex.Matcher.match(II)Z @ 86
Event: 3.094 Thread 0x0000000019afe800 Uncommon trap: reason=class_check action=maybe_recompile pc=0x00000000031c1944 method=java.util.regex.Matcher.match(II)Z @ 86
Event: 3.094 Thread 0x0000000019afe800 Uncommon trap: reason=class_check action=maybe_recompile pc=0x0000000002fd7e20 method=java.util.regex.Matcher.match(II)Z @ 86
Event: 3.178 Thread 0x0000000019afe800 Uncommon trap: reason=unstable_if action=reinterpret pc=0x0000000002fde284 method=java.io.WinNTFileSystem.resolve(Ljava/lang/String;Ljava/lang/String;)Ljava/lang/String; @ 19
Event: 3.181 Thread 0x0000000019afe800 Uncommon trap: reason=unstable_if action=reinterpret pc=0x00000000031c49d8 method=java.io.File.getName()Ljava/lang/String; @ 16
Event: 3.181 Thread 0x0000000019afe800 Uncommon trap: reason=unstable_if action=reinterpret pc=0x00000000031a1250 method=java.lang.String.substring(I)Ljava/lang/String; @ 35

Classes redefined (0 events):
No events

Internal exceptions (10 events):
Event: 2.798 Thread 0x0000000002c0e000 Exception <a 'java/io/IOException'> (0x00000000d6259140) thrown at [C:\src\AOSP-openjdk-git\hotspot\src\share\vm\prims\jni.cpp, line 710]
Event: 2.906 Thread 0x0000000019cf7800 Exception <a 'java/lang/NoSuchMethodError': <clinit>> (0x00000000d65bc630) thrown at [C:\src\AOSP-openjdk-git\hotspot\src\share\vm\prims\jni.cpp, line 1615]
Event: 2.909 Thread 0x0000000019cf7800 Exception <a 'java/lang/NoSuchMethodError': <clinit>> (0x00000000d65d4330) thrown at [C:\src\AOSP-openjdk-git\hotspot\src\share\vm\prims\jni.cpp, line 1615]
Event: 2.909 Thread 0x0000000019cf7800 Exception <a 'java/lang/NoSuchMethodError': <clinit>> (0x00000000d65dced0) thrown at [C:\src\AOSP-openjdk-git\hotspot\src\share\vm\prims\jni.cpp, line 1615]
Event: 2.911 Thread 0x0000000019cf7800 Exception <a 'java/lang/NoSuchMethodError': <clinit>> (0x00000000d65f2dd0) thrown at [C:\src\AOSP-openjdk-git\hotspot\src\share\vm\prims\jni.cpp, line 1615]
Event: 3.153 Thread 0x0000000019afe800 Exception <a 'java/lang/NoSuchMethodError': java.lang.Object.lambda$static$0(Lorg/gradle/internal/state/ModelObject;)Ljava/lang/String;> (0x00000000d81977c8) thrown at [C:\src\AOSP-openjdk-git\hotspot\src\share\vm\interpreter\linkResolver.cpp, line 620]
Event: 3.384 Thread 0x0000000019afe800 Exception <a 'java/lang/NoSuchMethodError': java.lang.Object.lambda$and$0(Ljava/util/function/Predicate;Ljava/lang/Object;)Z> (0x00000000d6cb3b50) thrown at [C:\src\AOSP-openjdk-git\hotspot\src\share\vm\interpreter\linkResolver.cpp, line 620]
Event: 3.415 Thread 0x0000000019afe800 Exception <a 'java/lang/IncompatibleClassChangeError': Found class java.lang.Object, but interface was expected> (0x00000000d6cc40d0) thrown at [C:\src\AOSP-openjdk-git\hotspot\src\share\vm\interpreter\linkResolver.cpp, line 653]
Event: 3.416 Thread 0x0000000019afe800 Exception <a 'java/lang/NoSuchMethodError': java.lang.Object.lambda$or$2(Ljava/util/function/Predicate;Ljava/lang/Object;)Z> (0x00000000d6cc8e08) thrown at [C:\src\AOSP-openjdk-git\hotspot\src\share\vm\interpreter\linkResolver.cpp, line 620]
Event: 3.490 Thread 0x0000000019afe800 Exception <a 'java/lang/NoSuchMethodError': java.lang.Object.lambda$comparing$77a9974f$1(Ljava/util/function/Function;Ljava/lang/Object;Ljava/lang/Object;)I> (0x00000000d7339738) thrown at [C:\src\AOSP-openjdk-git\hotspot\src\share\vm\interpreter\linkReso

Events (10 events):
Event: 3.530 loading class org/gradle/api/internal/tasks/TaskStatistics
Event: 3.530 loading class org/gradle/api/internal/tasks/TaskStatistics done
Event: 3.531 loading class org/gradle/api/internal/project/DefaultProjectRegistry
Event: 3.531 loading class org/gradle/api/internal/project/DefaultProjectRegistry done
Event: 3.531 loading class org/gradle/api/internal/properties/GradleProperties
Event: 3.531 loading class org/gradle/api/internal/properties/GradleProperties done
Event: 3.533 loading class org/gradle/initialization/Environment
Event: 3.533 loading class org/gradle/initialization/Environment done
Event: 3.533 loading class org/gradle/api/provider/ProviderFactory
Event: 3.533 loading class org/gradle/api/provider/ProviderFactory done


Dynamic libraries:
0x00007ff6e6a80000 - 0x00007ff6e6ab1000 	F:\Program Files\Android Studios\jre\bin\java.exe
0x00007ffcc9b00000 - 0x00007ffcc9d09000 	C:\Windows\SYSTEM32\ntdll.dll
0x00007ffcc8620000 - 0x00007ffcc86de000 	C:\Windows\System32\KERNEL32.DLL
0x00007ffcc7260000 - 0x00007ffcc75e4000 	C:\Windows\System32\KERNELBASE.dll
0x00007ffcc4060000 - 0x00007ffcc40f2000 	C:\Windows\SYSTEM32\apphelp.dll
0x00007ffcc9650000 - 0x00007ffcc96ff000 	C:\Windows\System32\ADVAPI32.dll
0x00007ffcc8280000 - 0x00007ffcc8323000 	C:\Windows\System32\msvcrt.dll
0x00007ffcc9590000 - 0x00007ffcc962e000 	C:\Windows\System32\sechost.dll
0x00007ffcc8a70000 - 0x00007ffcc8b91000 	C:\Windows\System32\RPCRT4.dll
0x00007ffcc86e0000 - 0x00007ffcc888d000 	C:\Windows\System32\USER32.dll
0x00007ffcc77d0000 - 0x00007ffcc77f6000 	C:\Windows\System32\win32u.dll
0x00007ffcc8c00000 - 0x00007ffcc8c2a000 	C:\Windows\System32\GDI32.dll
0x00007ffcc7030000 - 0x00007ffcc714f000 	C:\Windows\System32\gdi32full.dll
0x00007ffcc7150000 - 0x00007ffcc71ed000 	C:\Windows\System32\msvcp_win.dll
0x00007ffcc75f0000 - 0x00007ffcc7701000 	C:\Windows\System32\ucrtbase.dll
0x00007ffcaf040000 - 0x00007ffcaf2e5000 	C:\Windows\WinSxS\amd64_microsoft.windows.common-controls_6595b64144ccf1df_6.0.22000.120_none_9d947278b86cc467\COMCTL32.dll
0x00007ffcc9a80000 - 0x00007ffcc9ab1000 	C:\Windows\System32\IMM32.DLL
0x0000000072e70000 - 0x0000000072f42000 	F:\Program Files\Android Studios\jre\jre\bin\msvcr100.dll
0x0000000072f50000 - 0x000000007379b000 	F:\Program Files\Android Studios\jre\jre\bin\server\jvm.dll
0x00007ffcc9460000 - 0x00007ffcc9468000 	C:\Windows\System32\PSAPI.DLL
0x00007ffcbfe40000 - 0x00007ffcbfe4a000 	C:\Windows\SYSTEM32\VERSION.dll
0x00007ffcc1290000 - 0x00007ffcc12c3000 	C:\Windows\SYSTEM32\WINMM.dll
0x00007ffc61eb0000 - 0x00007ffc61eb9000 	C:\Windows\SYSTEM32\WSOCK32.dll
0x00007ffcc7bc0000 - 0x00007ffcc7c2f000 	C:\Windows\System32\WS2_32.dll
0x00007ffcbe160000 - 0x00007ffcbe16f000 	F:\Program Files\Android Studios\jre\jre\bin\verify.dll
0x00007ffcb37d0000 - 0x00007ffcb37f9000 	F:\Program Files\Android Studios\jre\jre\bin\java.dll
0x00007ffcb72d0000 - 0x00007ffcb72e6000 	F:\Program Files\Android Studios\jre\jre\bin\zip.dll
0x00007ffcc8c90000 - 0x00007ffcc9455000 	C:\Windows\System32\SHELL32.dll
0x00007ffcc50a0000 - 0x00007ffcc5904000 	C:\Windows\SYSTEM32\windows.storage.dll
0x00007ffcc9700000 - 0x00007ffcc9a76000 	C:\Windows\System32\combase.dll
0x00007ffcc4f30000 - 0x00007ffcc5097000 	C:\Windows\SYSTEM32\wintypes.dll
0x00007ffcc8970000 - 0x00007ffcc8a5a000 	C:\Windows\System32\SHCORE.dll
0x00007ffcc88a0000 - 0x00007ffcc88fd000 	C:\Windows\System32\shlwapi.dll
0x00007ffcc6ee0000 - 0x00007ffcc6f01000 	C:\Windows\SYSTEM32\profapi.dll
0x00007ffcb3b70000 - 0x00007ffcb3b8a000 	F:\Program Files\Android Studios\jre\jre\bin\net.dll
0x00007ffcc65c0000 - 0x00007ffcc6627000 	C:\Windows\system32\mswsock.dll
0x00007ffcb37b0000 - 0x00007ffcb37c3000 	F:\Program Files\Android Studios\jre\jre\bin\nio.dll
0x00007ffc910c0000 - 0x00007ffc910e7000 	C:\Users\USER\.gradle\native\e1d6ef7f7dcc3fd88c89a11ec53ec762bb8ba0a96d01ffa2cd45eb1d1d8dd5c5\windows-amd64\native-platform.dll
0x00007ffc60960000 - 0x00007ffc60aa4000 	C:\Users\USER\.gradle\native\0d407fdbe67a94daf76414ababcb853783967236a71b16ec16e742cd7a986fd3\windows-amd64\native-platform-file-events.dll
0x00007ffcb67f0000 - 0x00007ffcb67fd000 	F:\Program Files\Android Studios\jre\jre\bin\management.dll
0x00007ffcc6820000 - 0x00007ffcc6838000 	C:\Windows\SYSTEM32\CRYPTSP.dll
0x00007ffcc6080000 - 0x00007ffcc60b5000 	C:\Windows\system32\rsaenh.dll
0x00007ffcc66c0000 - 0x00007ffcc66e9000 	C:\Windows\SYSTEM32\USERENV.dll
0x00007ffcc6990000 - 0x00007ffcc69b7000 	C:\Windows\SYSTEM32\bcrypt.dll
0x00007ffcc6fb0000 - 0x00007ffcc702f000 	C:\Windows\System32\bcryptprimitives.dll
0x00007ffcc6810000 - 0x00007ffcc681c000 	C:\Windows\SYSTEM32\CRYPTBASE.dll
0x00007ffcc5c30000 - 0x00007ffcc5c5d000 	C:\Windows\SYSTEM32\IPHLPAPI.DLL
0x00007ffcc8a60000 - 0x00007ffcc8a69000 	C:\Windows\System32\NSI.dll
0x00007ffcbfe50000 - 0x00007ffcbfe69000 	C:\Windows\SYSTEM32\dhcpcsvc6.DLL
0x00007ffcc0640000 - 0x00007ffcc065e000 	C:\Windows\SYSTEM32\dhcpcsvc.DLL
0x00007ffcc5c60000 - 0x00007ffcc5d48000 	C:\Windows\SYSTEM32\DNSAPI.dll

VM Arguments:
jvm_args: -Xmx2048m -Dfile.encoding=UTF-8 -Duser.country=US -Duser.language=en -Duser.variant 
java_command: org.gradle.launcher.daemon.bootstrap.GradleDaemon 7.5
java_class_path (initial): C:\Users\USER\.gradle\wrapper\dists\gradle-7.5-bin\f1w0cc9nuo0eivz97x2xlu9sv\gradle-7.5\lib\gradle-launcher-7.5.jar
Launcher Type: SUN_STANDARD

Environment Variables:
PATH=C:\Program Files (x86)\Common Files\Intel\Shared Files\cpp\bin\Intel64;C:\Windows\system32;C:\Windows;C:\Windows\System32\Wbem;C:\Windows\System32\WindowsPowerShell\v1.0\;C:\Windows\System32\OpenSSH\;C:\Program Files\Microsoft SQL Server\150\Tools\Binn\;C:\Program Files\Microsoft SQL Server\Client SDK\ODBC\170\Tools\Binn\;C:\Program Files\dotnet\;C:\Program Files\TortoiseSVN\bin;C:\Users\USER\AppData\Local\Microsoft\WindowsApps;;C:\Users\USER\AppData\Local\Programs\Microsoft VS Code\bin;C:\Users\USER\.dotnet\tools
USERNAME=USER
OS=Windows_NT
PROCESSOR_IDENTIFIER=Intel64 Family 6 Model 142 Stepping 9, GenuineIntel



---------------  S Y S T E M  ---------------

OS: Windows 10.0 , 64 bit Build 22000 (10.0.22000.1880)

CPU:total 4 (initial active 4) (2 cores per cpu, 2 threads per core) family 6 model 142 stepping 9, cmov, cx8, fxsr, mmx, sse, sse2, sse3, ssse3, sse4.1, sse4.2, popcnt, avx, avx2, aes, clmul, erms, 3dnowpref, lzcnt, ht, tsc, tscinvbit, bmi1, bmi2, adx

Memory: 4k page, physical 12463396k(781164k free), swap 28000288k(6724k free)

vm_info: OpenJDK 64-Bit Server VM (25.242-b01) for windows-amd64 JRE (1.8.0_242-release-1644-b01), built by "builder" with MS VC++ 10.0 (VS2010)

time: Fri Jun 09 15:49:53 2023
timezone: W. Central Africa Standard Time
elapsed time: 3 seconds (0d 0h 0m 3s)

